<?xml version="1.0" encoding="UTF-8"?>
<!-- Generated by org.testng.reporters.JUnitReportReporter -->
<testsuite hostname="DESKTOP-BKE9C99" failures="0" tests="1" name="address.GetAddress" time="2.077" errors="0" timestamp="2024-02-07T17:51:03 IST" skipped="0">
  <testcase classname="address.GetAddress" name="getaddress" time="2.077"/>
  <system-out/>
</testsuite> <!-- address.GetAddress -->
