<?xml version="1.0" encoding="UTF-8"?>
<!-- Generated by org.testng.reporters.JUnitReportReporter -->
<testsuite hostname="DESKTOP-BKE9C99" failures="0" tests="1" name="cart.AddToCart" time="16.274" errors="0" timestamp="2024-02-08T08:26:32 IST" skipped="0">
  <testcase classname="cart.AddToCart" name="addcart" time="16.274"/>
  <system-out/>
</testsuite> <!-- cart.AddToCart -->
