<?xml version="1.0" encoding="UTF-8"?>
<!-- Generated by org.testng.reporters.JUnitReportReporter -->
<testsuite hostname="DESKTOP-BKE9C99" failures="0" tests="1" name="cart.GetCartProduct" time="2.711" errors="0" timestamp="2024-02-07T14:51:00 IST" skipped="0">
  <testcase classname="cart.GetCartProduct" name="getproduct" time="2.711"/>
  <system-out/>
</testsuite> <!-- cart.GetCartProduct -->
