<?xml version="1.0" encoding="UTF-8"?>
<!-- Generated by org.testng.reporters.JUnitReportReporter -->
<testsuite hostname="DESKTOP-BKE9C99" failures="0" tests="1" name="cart.DeleteCart" time="2.531" errors="0" timestamp="2024-02-07T15:01:50 IST" skipped="0">
  <testcase classname="cart.DeleteCart" name="deleteCart" time="2.531"/>
  <system-out/>
</testsuite> <!-- cart.DeleteCart -->
