<?xml version="1.0" encoding="UTF-8"?>
<!-- Generated by org.testng.reporters.JUnitReportReporter -->
<testsuite hostname="DESKTOP-BKE9C99" failures="0" tests="1" name="wishlist.AddToWishlist" time="2.808" errors="0" timestamp="2024-02-07T14:18:58 IST" skipped="0">
  <testcase classname="wishlist.AddToWishlist" name="addWishlist" time="2.808"/>
  <system-out/>
</testsuite> <!-- wishlist.AddToWishlist -->
