<?xml version="1.0" encoding="UTF-8"?>
<!-- Generated by org.testng.reporters.JUnitReportReporter -->
<testsuite hostname="DESKTOP-BKE9C99" failures="0" tests="1" name="Shopper.Login_post" time="4.604" errors="0" timestamp="2024-02-08T08:25:13 IST" skipped="0">
  <testcase classname="Shopper.Login_post" name="login" time="4.604"/>
  <system-out/>
</testsuite> <!-- Shopper.Login_post -->
