<?xml version="1.0" encoding="UTF-8"?>
<!-- Generated by org.testng.reporters.JUnitReportReporter -->
<testsuite hostname="DESKTOP-BKE9C99" failures="0" tests="1" name="cart.PutCart" time="2.235" errors="0" timestamp="2024-02-07T14:51:16 IST" skipped="0">
  <testcase classname="cart.PutCart" name="putCart" time="2.235"/>
  <system-out/>
</testsuite> <!-- cart.PutCart -->
