<?xml version="1.0" encoding="UTF-8"?>
<!-- Generated by org.testng.reporters.JUnitReportReporter -->
<testsuite hostname="DESKTOP-BKE9C99" failures="0" tests="1" name="address.GetAddressAddressID" time="2.030" errors="0" timestamp="2024-02-07T15:55:08 IST" skipped="0">
  <testcase classname="address.GetAddressAddressID" name="getaddressaddressid" time="2.030"/>
  <system-out/>
</testsuite> <!-- address.GetAddressAddressID -->
