<?xml version="1.0" encoding="UTF-8"?>
<!-- Generated by org.testng.reporters.JUnitReportReporter -->
<testsuite hostname="DESKTOP-BKE9C99" failures="0" tests="1" name="wishlist.DeleteWishlist" time="0.482" errors="0" timestamp="2024-02-07T14:19:50 IST" skipped="0">
  <testcase classname="wishlist.DeleteWishlist" name="delete" time="0.482"/>
  <system-out/>
</testsuite> <!-- wishlist.DeleteWishlist -->
