<?xml version="1.0" encoding="UTF-8"?>
<!-- Generated by org.testng.reporters.JUnitReportReporter -->
<testsuite hostname="DESKTOP-BKE9C99" failures="0" tests="1" name="order.GetInvoice" time="2.617" errors="0" timestamp="2024-02-08T08:56:59 IST" skipped="0">
  <testcase classname="order.GetInvoice" name="getInvoice" time="2.617"/>
  <system-out/>
</testsuite> <!-- order.GetInvoice -->
