<?xml version="1.0" encoding="UTF-8"?>
<!-- Generated by org.testng.reporters.JUnitReportReporter -->
<testsuite hostname="DESKTOP-BKE9C99" failures="0" tests="1" name="order.GetOrder" time="2.174" errors="0" timestamp="2024-02-07T18:26:04 IST" skipped="0">
  <testcase classname="order.GetOrder" name="getorder" time="2.174"/>
  <system-out/>
</testsuite> <!-- order.GetOrder -->
