<?xml version="1.0" encoding="UTF-8"?>
<!-- Generated by org.testng.reporters.JUnitReportReporter -->
<testsuite hostname="DESKTOP-BKE9C99" failures="0" tests="1" name="review.DeleteReview" time="2.006" errors="0" timestamp="2024-02-08T09:55:19 IST" skipped="0">
  <testcase classname="review.DeleteReview" name="deletereview" time="2.006"/>
  <system-out/>
</testsuite> <!-- review.DeleteReview -->
