<?xml version="1.0" encoding="UTF-8"?>
<!-- Generated by org.testng.reporters.JUnitReportReporter -->
<testsuite hostname="DESKTOP-BKE9C99" failures="0" tests="1" name="order.PatchOrder" time="2.539" errors="0" timestamp="2024-02-08T08:29:50 IST" skipped="0">
  <testcase classname="order.PatchOrder" name="patchOrder" time="2.539"/>
  <system-out/>
</testsuite> <!-- order.PatchOrder -->
