<?xml version="1.0" encoding="UTF-8"?>
<!-- Generated by org.testng.reporters.JUnitReportReporter -->
<testsuite hostname="DESKTOP-BKE9C99" failures="0" tests="1" name="review.GetReview" time="2.417" errors="0" timestamp="2024-02-08T09:30:00 IST" skipped="0">
  <testcase classname="review.GetReview" name="getReview" time="2.417"/>
  <system-out/>
</testsuite> <!-- review.GetReview -->
