<?xml version="1.0" encoding="UTF-8"?>
<!-- Generated by org.testng.reporters.JUnitReportReporter -->
<testsuite hostname="DESKTOP-BKE9C99" failures="0" tests="1" name="address.DeleteAddress" time="2.518" errors="0" timestamp="2024-02-07T16:53:01 IST" skipped="0">
  <testcase classname="address.DeleteAddress" name="deleteaddress" time="2.518"/>
  <system-out/>
</testsuite> <!-- address.DeleteAddress -->
