<?xml version="1.0" encoding="UTF-8"?>
<!-- Generated by org.testng.reporters.JUnitReportReporter -->
<testsuite hostname="DESKTOP-BKE9C99" failures="0" tests="1" name="cart.AddToCartCopy" time="2.669" errors="0" timestamp="2024-02-07T17:22:53 IST" skipped="0">
  <testcase classname="cart.AddToCartCopy" name="addcart" time="2.669"/>
  <system-out/>
</testsuite> <!-- cart.AddToCartCopy -->
