<?xml version="1.0" encoding="UTF-8"?>
<!-- Generated by org.testng.reporters.JUnitReportReporter -->
<testsuite hostname="DESKTOP-BKE9C99" failures="0" tests="1" name="review.UpdateReview" time="2.528" errors="0" timestamp="2024-02-08T09:48:52 IST" skipped="0">
  <testcase classname="review.UpdateReview" name="updatReview" time="2.528"/>
  <system-out/>
</testsuite> <!-- review.UpdateReview -->
