<?xml version="1.0" encoding="UTF-8"?>
<!-- Generated by org.testng.reporters.JUnitReportReporter -->
<testsuite hostname="DESKTOP-BKE9C99" failures="0" tests="1" name="review.Addreview" time="2.685" errors="0" timestamp="2024-02-08T09:18:41 IST" skipped="0">
  <testcase classname="review.Addreview" name="getInvoice" time="2.685"/>
  <system-out/>
</testsuite> <!-- review.Addreview -->
