<?xml version="1.0" encoding="UTF-8"?>
<!-- Generated by org.testng.reporters.JUnitReportReporter -->
<testsuite hostname="DESKTOP-BKE9C99" failures="0" tests="1" name="address.PutAddress" time="2.242" errors="0" timestamp="2024-02-07T17:28:44 IST" skipped="0">
  <testcase classname="address.PutAddress" name="putaddress" time="2.242"/>
  <system-out/>
</testsuite> <!-- address.PutAddress -->
