<?xml version="1.0" encoding="UTF-8"?>
<!-- Generated by org.testng.reporters.JUnitReportReporter -->
<testsuite hostname="DESKTOP-BKE9C99" failures="0" tests="1" name="ViewProduct.GetViewProduct" time="6.661" errors="0" timestamp="2024-02-08T08:25:40 IST" skipped="0">
  <testcase classname="ViewProduct.GetViewProduct" name="viewproduct" time="6.661"/>
  <system-out/>
</testsuite> <!-- ViewProduct.GetViewProduct -->
