<?xml version="1.0" encoding="UTF-8"?>
<!-- Generated by org.testng.reporters.JUnitReportReporter -->
<testsuite hostname="DESKTOP-BKE9C99" failures="0" tests="1" name="address.AddAddressCopy" time="2.809" errors="0" timestamp="2024-02-07T16:54:29 IST" skipped="0">
  <testcase classname="address.AddAddressCopy" name="addAddress" time="2.809"/>
  <system-out/>
</testsuite> <!-- address.AddAddressCopy -->
