<?xml version="1.0" encoding="UTF-8"?>
<!-- Generated by org.testng.reporters.JUnitReportReporter -->
<testsuite hostname="DESKTOP-BKE9C99" failures="0" tests="1" name="address.AddAddress" time="2.622" errors="0" timestamp="2024-02-07T15:24:30 IST" skipped="0">
  <testcase classname="address.AddAddress" name="addAddress" time="2.622"/>
  <system-out/>
</testsuite> <!-- address.AddAddress -->
